<?xml version="1.0" encoding="UTF-8"?>
<testng-results ignored="0" total="3" passed="3" failed="0" skipped="0">
  <reporter-output>
  </reporter-output>
  <suite started-at="2025-02-10T07:50:05 IST" name="Default suite" finished-at="2025-02-10T07:50:36 IST" duration-ms="30854">
    <groups>
      <group name="cucumber">
        <method signature="AbstractTestNGCucumberTests.runScenario(io.cucumber.testng.PickleWrapper,io.cucumber.testng.FeatureWrapper)[pri:0, instance:com.testRunner.TestRunner@4bdeaabb]" name="runScenario" class="io.cucumber.testng.AbstractTestNGCucumberTests"/>
      </group> <!-- cucumber -->
    </groups>
    <test started-at="2025-02-10T07:50:05 IST" name="Default test" finished-at="2025-02-10T07:50:36 IST" duration-ms="30854">
      <class name="com.testRunner.TestRunner">
        <test-method is-config="true" signature="setUpClass(org.testng.ITestContext)[pri:0, instance:com.testRunner.TestRunner@4bdeaabb]" started-at="2025-02-10T07:50:05 IST" name="setUpClass" finished-at="2025-02-10T07:50:06 IST" duration-ms="733" status="PASS">
          <params>
            <param index="0">
              <value>
                <![CDATA[org.testng.TestRunner@2538bc06]]>
              </value>
            </param>
          </params>
          <reporter-output>
          </reporter-output>
        </test-method> <!-- setUpClass -->
        <test-method signature="runScenario(io.cucumber.testng.PickleWrapper,io.cucumber.testng.FeatureWrapper)[pri:0, instance:com.testRunner.TestRunner@4bdeaabb]" started-at="2025-02-10T07:50:06 IST" name="runScenario" description="Runs Cucumber Scenarios" data-provider="scenarios" finished-at="2025-02-10T07:50:18 IST" duration-ms="12183" status="PASS">
          <params>
            <param index="0">
              <value>
                <![CDATA["Add to Cart should be success"]]>
              </value>
            </param>
            <param index="1">
              <value>
                <![CDATA["BookBazzar Application Demo"]]>
              </value>
            </param>
          </params>
          <reporter-output>
          </reporter-output>
        </test-method> <!-- runScenario -->
        <test-method signature="runScenario(io.cucumber.testng.PickleWrapper,io.cucumber.testng.FeatureWrapper)[pri:0, instance:com.testRunner.TestRunner@4bdeaabb]" started-at="2025-02-10T07:50:18 IST" name="runScenario" description="Runs Cucumber Scenarios" data-provider="scenarios" finished-at="2025-02-10T07:50:28 IST" duration-ms="9719" status="PASS">
          <params>
            <param index="0">
              <value>
                <![CDATA["Login should be Success"]]>
              </value>
            </param>
            <param index="1">
              <value>
                <![CDATA["BookBazzar Application Demo"]]>
              </value>
            </param>
          </params>
          <reporter-output>
          </reporter-output>
        </test-method> <!-- runScenario -->
        <test-method signature="runScenario(io.cucumber.testng.PickleWrapper,io.cucumber.testng.FeatureWrapper)[pri:0, instance:com.testRunner.TestRunner@4bdeaabb]" started-at="2025-02-10T07:50:28 IST" name="runScenario" description="Runs Cucumber Scenarios" data-provider="scenarios" finished-at="2025-02-10T07:50:36 IST" duration-ms="8123" status="PASS">
          <params>
            <param index="0">
              <value>
                <![CDATA["Login should be Fail"]]>
              </value>
            </param>
            <param index="1">
              <value>
                <![CDATA["BookBazzar Application Demo"]]>
              </value>
            </param>
          </params>
          <reporter-output>
          </reporter-output>
        </test-method> <!-- runScenario -->
        <test-method is-config="true" signature="tearDownClass()[pri:0, instance:com.testRunner.TestRunner@4bdeaabb]" started-at="2025-02-10T07:50:36 IST" name="tearDownClass" finished-at="2025-02-10T07:50:36 IST" duration-ms="20" status="PASS">
          <reporter-output>
          </reporter-output>
        </test-method> <!-- tearDownClass -->
      </class> <!-- com.testRunner.TestRunner -->
    </test> <!-- Default test -->
  </suite> <!-- Default suite -->
</testng-results>
