<?xml version="1.0" encoding="UTF-8"?>
<!-- Generated by org.testng.reporters.JUnitReportReporter -->
<testsuite hostname="LAPTOP-LP45UPQF" failures="0" tests="3" name="com.testRunner.TestRunner" time="30.025" errors="0" timestamp="2025-02-10T07:50:36 IST" skipped="0">
  <testcase classname="com.testRunner.TestRunner" name="runScenario" time="12.183"/>
  <testcase classname="com.testRunner.TestRunner" name="runScenario" time="9.719"/>
  <testcase classname="com.testRunner.TestRunner" name="runScenario" time="8.123"/>
</testsuite> <!-- com.testRunner.TestRunner -->
